Connecting to database specified by database.yml
Connecting to database specified by database.yml
  [1m[36m (10.0ms)[0m  [1mCREATE TABLE "schema_migrations" ("version" character varying(255) NOT NULL) [0m
  [1m[35m (5.0ms)[0m  CREATE UNIQUE INDEX "unique_schema_migrations" ON "schema_migrations" ("version")
  [1m[36m (1.0ms)[0m  [1mSELECT "schema_migrations"."version" FROM "schema_migrations" [0m
Migrating to CreateSonglists (20130324042937)
  [1m[35m (1.0ms)[0m  BEGIN
  [1m[36m (69.0ms)[0m  [1mCREATE TABLE "songlists" ("id" serial primary key, "sid" character varying(255), "category" character varying(255), "label" character varying(255), "artist" character varying(255), "created_at" timestamp NOT NULL, "updated_at" timestamp NOT NULL) [0m
  [1m[35m (2.0ms)[0m  INSERT INTO "schema_migrations" ("version") VALUES ('20130324042937')
  [1m[36m (1.0ms)[0m  [1mCOMMIT[0m
  [1m[35m (1.0ms)[0m  SELECT "schema_migrations"."version" FROM "schema_migrations" 


Started GET "/" for 127.0.0.1 at 2013-03-24 18:59:03 +0800
Connecting to database specified by database.yml
Processing by SonglistsController#index as HTML
  [1m[36mSonglist Load (35.0ms)[0m  [1mSELECT "songlists".* FROM "songlists" ORDER BY sid LIMIT 200[0m
  Rendered songlists/index.html.erb within layouts/application (235.0ms)
Completed 500 Internal Server Error in 349ms

ActionView::Template::Error (undefined method `songlist_path' for #<#<Class:0x42ec190>:0x42f24f0>):
    19:     <td><%= songlist.category %></td>
    20:     <td><%= songlist.label %></td>
    21:     <td><%= songlist.artist %></td>
    22:     <td><%= link_to 'Show', songlist %></td>
    23:     <td><%= link_to 'Edit', edit_songlist_path(songlist) %></td>
    24:     <td><%= link_to 'Destroy', songlist, method: :delete, data: { confirm: 'Are you sure?' } %></td>
    25:   </tr>
  app/views/songlists/index.html.erb:22:in `block in _app_views_songlists_index_html_erb___882415139_29581116'
  app/views/songlists/index.html.erb:16:in `_app_views_songlists_index_html_erb___882415139_29581116'
  app/controllers/songlists_controller.rb:16:in `index'


  Rendered C:/Ruby193/lib/ruby/gems/1.9.1/gems/actionpack-3.2.12/lib/action_dispatch/middleware/templates/rescues/_trace.erb (3.0ms)
  Rendered C:/Ruby193/lib/ruby/gems/1.9.1/gems/actionpack-3.2.12/lib/action_dispatch/middleware/templates/rescues/_request_and_response.erb (20.0ms)
  Rendered C:/Ruby193/lib/ruby/gems/1.9.1/gems/actionpack-3.2.12/lib/action_dispatch/middleware/templates/rescues/template_error.erb within rescues/layout (48.0ms)


Started GET "/" for 127.0.0.1 at 2013-03-24 18:59:07 +0800
Processing by SonglistsController#index as HTML
  [1m[35mSonglist Load (33.0ms)[0m  SELECT "songlists".* FROM "songlists" ORDER BY sid LIMIT 200
  Rendered songlists/index.html.erb within layouts/application (174.0ms)
Completed 500 Internal Server Error in 180ms

ActionView::Template::Error (undefined method `songlist_path' for #<#<Class:0x42ec190>:0x3921e10>):
    19:     <td><%= songlist.category %></td>
    20:     <td><%= songlist.label %></td>
    21:     <td><%= songlist.artist %></td>
    22:     <td><%= link_to 'Show', songlist %></td>
    23:     <td><%= link_to 'Edit', edit_songlist_path(songlist) %></td>
    24:     <td><%= link_to 'Destroy', songlist, method: :delete, data: { confirm: 'Are you sure?' } %></td>
    25:   </tr>
  app/views/songlists/index.html.erb:22:in `block in _app_views_songlists_index_html_erb___882415139_29581116'
  app/views/songlists/index.html.erb:16:in `_app_views_songlists_index_html_erb___882415139_29581116'
  app/controllers/songlists_controller.rb:16:in `index'


  Rendered C:/Ruby193/lib/ruby/gems/1.9.1/gems/actionpack-3.2.12/lib/action_dispatch/middleware/templates/rescues/_trace.erb (2.0ms)
  Rendered C:/Ruby193/lib/ruby/gems/1.9.1/gems/actionpack-3.2.12/lib/action_dispatch/middleware/templates/rescues/_request_and_response.erb (2.0ms)
  Rendered C:/Ruby193/lib/ruby/gems/1.9.1/gems/actionpack-3.2.12/lib/action_dispatch/middleware/templates/rescues/template_error.erb within rescues/layout (28.0ms)


Started GET "/" for 127.0.0.1 at 2013-03-24 18:59:19 +0800
Processing by SonglistsController#index as HTML
  [1m[36mSonglist Load (34.0ms)[0m  [1mSELECT "songlists".* FROM "songlists" ORDER BY sid LIMIT 200[0m
  Rendered songlists/index.html.erb within layouts/application (168.0ms)
Completed 500 Internal Server Error in 175ms

ActionView::Template::Error (undefined method `songlist_path' for #<#<Class:0x42ec190>:0x375db60>):
    19:     <td><%= songlist.category %></td>
    20:     <td><%= songlist.label %></td>
    21:     <td><%= songlist.artist %></td>
    22:     <td><%= link_to 'Show', songlist %></td>
    23:     <td><%= link_to 'Edit', edit_songlist_path(songlist) %></td>
    24:     <td><%= link_to 'Destroy', songlist, method: :delete, data: { confirm: 'Are you sure?' } %></td>
    25:   </tr>
  app/views/songlists/index.html.erb:22:in `block in _app_views_songlists_index_html_erb___882415139_29581116'
  app/views/songlists/index.html.erb:16:in `_app_views_songlists_index_html_erb___882415139_29581116'
  app/controllers/songlists_controller.rb:16:in `index'


  Rendered C:/Ruby193/lib/ruby/gems/1.9.1/gems/actionpack-3.2.12/lib/action_dispatch/middleware/templates/rescues/_trace.erb (2.0ms)
  Rendered C:/Ruby193/lib/ruby/gems/1.9.1/gems/actionpack-3.2.12/lib/action_dispatch/middleware/templates/rescues/_request_and_response.erb (2.0ms)
  Rendered C:/Ruby193/lib/ruby/gems/1.9.1/gems/actionpack-3.2.12/lib/action_dispatch/middleware/templates/rescues/template_error.erb within rescues/layout (29.0ms)
Connecting to database specified by database.yml


Started GET "/" for 127.0.0.1 at 2013-03-24 19:00:48 +0800
Connecting to database specified by database.yml
Processing by SonglistsController#index as HTML
  [1m[36mSonglist Load (36.0ms)[0m  [1mSELECT "songlists".* FROM "songlists" ORDER BY sid LIMIT 200[0m
  Rendered songlists/index.html.erb within layouts/application (235.0ms)
Completed 500 Internal Server Error in 352ms

ActionView::Template::Error (undefined method `songlist_path' for #<#<Class:0x44574c0>:0x4455828>):
    19:     <td><%= songlist.category %></td>
    20:     <td><%= songlist.label %></td>
    21:     <td><%= songlist.artist %></td>
    22:     <td><%= link_to 'Show', songlist %></td>
    23:     <td><%= link_to 'Edit', edit_songlist_path(songlist) %></td>
    24:     <td><%= link_to 'Destroy', songlist, method: :delete, data: { confirm: 'Are you sure?' } %></td>
    25:   </tr>
  app/views/songlists/index.html.erb:22:in `block in _app_views_songlists_index_html_erb___789946258_30359856'
  app/views/songlists/index.html.erb:16:in `_app_views_songlists_index_html_erb___789946258_30359856'
  app/controllers/songlists_controller.rb:16:in `index'


  Rendered C:/Ruby193/lib/ruby/gems/1.9.1/gems/actionpack-3.2.12/lib/action_dispatch/middleware/templates/rescues/_trace.erb (3.0ms)
  Rendered C:/Ruby193/lib/ruby/gems/1.9.1/gems/actionpack-3.2.12/lib/action_dispatch/middleware/templates/rescues/_request_and_response.erb (2.0ms)
  Rendered C:/Ruby193/lib/ruby/gems/1.9.1/gems/actionpack-3.2.12/lib/action_dispatch/middleware/templates/rescues/template_error.erb within rescues/layout (28.0ms)


Started GET "/" for 127.0.0.1 at 2013-03-24 19:01:02 +0800
Processing by SonglistsController#index as HTML
  [1m[35mSonglist Load (34.0ms)[0m  SELECT "songlists".* FROM "songlists" ORDER BY sid LIMIT 200
  Rendered songlists/index.html.erb within layouts/application (57.0ms)
Compiled scaffolds.css  (38ms)  (pid 6372)
Compiled songlists.css  (3ms)  (pid 6372)
Compiled extjs-rails.css  (435ms)  (pid 6372)
Compiled application.css  (652ms)  (pid 6372)
Compiled jquery.js  (7ms)  (pid 6372)
Compiled jquery_ujs.js  (1ms)  (pid 6372)
Compiled songlists.js  (2164ms)  (pid 6372)
Compiled extjs-rails.js  (113ms)  (pid 6372)
Compiled application.js  (2812ms)  (pid 6372)
Completed 200 OK in 3922ms (Views: 3888.2ms | ActiveRecord: 34.0ms)


Started GET "/assets/application.css?body=1" for 127.0.0.1 at 2013-03-24 19:01:06 +0800
Served asset /application.css - 304 Not Modified (38ms)


Started GET "/assets/extjs-rails.css?body=1" for 127.0.0.1 at 2013-03-24 19:01:06 +0800
Served asset /extjs-rails.css - 304 Not Modified (18ms)


Started GET "/assets/jquery.js?body=1" for 127.0.0.1 at 2013-03-24 19:01:06 +0800
Served asset /jquery.js - 304 Not Modified (11ms)


Started GET "/assets/songlists.css?body=1" for 127.0.0.1 at 2013-03-24 19:01:06 +0800
Served asset /songlists.css - 304 Not Modified (5ms)


Started GET "/assets/jquery_ujs.js?body=1" for 127.0.0.1 at 2013-03-24 19:01:06 +0800
Served asset /jquery_ujs.js - 304 Not Modified (11ms)


Started GET "/assets/scaffolds.css?body=1" for 127.0.0.1 at 2013-03-24 19:01:06 +0800
Served asset /scaffolds.css - 304 Not Modified (3ms)


Started GET "/assets/songlists.js?body=1" for 127.0.0.1 at 2013-03-24 19:01:06 +0800
Served asset /songlists.js - 304 Not Modified (8ms)


Started GET "/assets/extjs-rails.js?body=1" for 127.0.0.1 at 2013-03-24 19:01:06 +0800
Served asset /extjs-rails.js - 304 Not Modified (64ms)


Started GET "/assets/application.js?body=1" for 127.0.0.1 at 2013-03-24 19:01:06 +0800
Served asset /application.js - 304 Not Modified (95ms)


Started GET "/songlists.json?_dc=1364122867388&page=1&start=0&limit=25" for 127.0.0.1 at 2013-03-24 19:01:07 +0800
Processing by SonglistsController#index as JSON
  Parameters: {"_dc"=>"1364122867388", "page"=>"1", "start"=>"0", "limit"=>"25"}
  [1m[36mSonglist Load (33.0ms)[0m  [1mSELECT "songlists".* FROM "songlists" ORDER BY sid LIMIT 200[0m
Completed 200 OK in 177ms (Views: 144.0ms | ActiveRecord: 33.0ms)


Started GET "/songlists.json?_dc=1364122870441&sid=&category=&keyword=%E6%88%91&page=1&start=0&limit=25" for 127.0.0.1 at 2013-03-24 19:01:10 +0800
Processing by SonglistsController#index as JSON
  Parameters: {"_dc"=>"1364122870441", "sid"=>"", "category"=>"", "keyword"=>"我", "page"=>"1", "start"=>"0", "limit"=>"25"}
  [1m[35mSonglist Load (16.0ms)[0m  SELECT "songlists".* FROM "songlists" WHERE (label like '%我%') ORDER BY sid LIMIT 200
Completed 200 OK in 160ms (Views: 143.0ms | ActiveRecord: 16.0ms)


Started GET "/songlists.json?_dc=1364122890996&page=1&start=0&limit=25" for 127.0.0.1 at 2013-03-24 19:01:31 +0800
Processing by SonglistsController#index as JSON
  Parameters: {"_dc"=>"1364122890996", "page"=>"1", "start"=>"0", "limit"=>"25"}
  [1m[36mSonglist Load (36.0ms)[0m  [1mSELECT "songlists".* FROM "songlists" ORDER BY sid LIMIT 200[0m
Completed 200 OK in 176ms (Views: 140.0ms | ActiveRecord: 36.0ms)


Started GET "/songlists.json?_dc=1364122891972&page=1&start=0&limit=25" for 127.0.0.1 at 2013-03-24 19:01:31 +0800
Processing by SonglistsController#index as JSON
  Parameters: {"_dc"=>"1364122891972", "page"=>"1", "start"=>"0", "limit"=>"25"}
  [1m[35mSonglist Load (35.0ms)[0m  SELECT "songlists".* FROM "songlists" ORDER BY sid LIMIT 200
Completed 200 OK in 180ms (Views: 145.0ms | ActiveRecord: 35.0ms)


Started GET "/songlists.json?_dc=1364122894391&page=1&start=0&limit=25" for 127.0.0.1 at 2013-03-24 19:01:34 +0800
Processing by SonglistsController#index as JSON
  Parameters: {"_dc"=>"1364122894391", "page"=>"1", "start"=>"0", "limit"=>"25"}
  [1m[36mSonglist Load (39.0ms)[0m  [1mSELECT "songlists".* FROM "songlists" ORDER BY sid LIMIT 200[0m
Completed 200 OK in 182ms (Views: 143.0ms | ActiveRecord: 39.0ms)


Started GET "/songlists.json?_dc=1364122895670&page=1&start=0&limit=25" for 127.0.0.1 at 2013-03-24 19:01:35 +0800
Processing by SonglistsController#index as JSON
  Parameters: {"_dc"=>"1364122895670", "page"=>"1", "start"=>"0", "limit"=>"25"}
  [1m[35mSonglist Load (42.0ms)[0m  SELECT "songlists".* FROM "songlists" ORDER BY sid LIMIT 200
Completed 200 OK in 171ms (Views: 129.0ms | ActiveRecord: 42.0ms)
Connecting to database specified by database.yml
  [1m[36m (1.0ms)[0m  [1mSELECT "schema_migrations"."version" FROM "schema_migrations" [0m
Connecting to database specified by database.yml
  [1m[36mSonglist Load (238.0ms)[0m  [1mSELECT "songlists".* FROM "songlists" [0m
  [1m[35mEXPLAIN (1.0ms)[0m  EXPLAIN SELECT "songlists".* FROM "songlists" 
EXPLAIN for: SELECT "songlists".* FROM "songlists" 
                           QUERY PLAN
----------------------------------------------------------------
 Seq Scan on songlists  (cost=0.00..627.59 rows=22259 width=52)
(1 row)



Started GET "/songlists" for 127.0.0.1 at 2013-03-24 19:04:32 +0800
Connecting to database specified by database.yml
Processing by SonglistsController#index as HTML
  [1m[36mSonglist Load (37.0ms)[0m  [1mSELECT "songlists".* FROM "songlists" ORDER BY sid LIMIT 200[0m
  Rendered songlists/index.html.erb within layouts/application (130.0ms)
Completed 200 OK in 541ms (Views: 396.0ms | ActiveRecord: 85.0ms)


Started GET "/assets/application.css?body=1" for 127.0.0.1 at 2013-03-24 19:04:34 +0800
Served asset /application.css - 304 Not Modified (30ms)


Started GET "/assets/songlists.css?body=1" for 127.0.0.1 at 2013-03-24 19:04:34 +0800
Served asset /songlists.css - 304 Not Modified (5ms)


Started GET "/assets/scaffolds.css?body=1" for 127.0.0.1 at 2013-03-24 19:04:34 +0800
Served asset /scaffolds.css - 304 Not Modified (4ms)


Started GET "/assets/extjs-rails.css?body=1" for 127.0.0.1 at 2013-03-24 19:04:34 +0800
Served asset /extjs-rails.css - 304 Not Modified (41ms)


Started GET "/assets/jquery.js?body=1" for 127.0.0.1 at 2013-03-24 19:04:34 +0800
Served asset /jquery.js - 304 Not Modified (34ms)


Started GET "/assets/jquery_ujs.js?body=1" for 127.0.0.1 at 2013-03-24 19:04:34 +0800
Served asset /jquery_ujs.js - 304 Not Modified (9ms)


Started GET "/assets/songlists.js?body=1" for 127.0.0.1 at 2013-03-24 19:04:34 +0800
Served asset /songlists.js - 304 Not Modified (4ms)


Started GET "/assets/extjs-rails.js?body=1" for 127.0.0.1 at 2013-03-24 19:04:34 +0800
Served asset /extjs-rails.js - 304 Not Modified (79ms)


Started GET "/assets/application.js?body=1" for 127.0.0.1 at 2013-03-24 19:04:34 +0800
Served asset /application.js - 304 Not Modified (103ms)


Started GET "/songlists.json?_dc=1364123075548&page=1&start=0&limit=25" for 127.0.0.1 at 2013-03-24 19:04:35 +0800
Processing by SonglistsController#index as JSON
  Parameters: {"_dc"=>"1364123075548", "page"=>"1", "start"=>"0", "limit"=>"25"}
  [1m[35mSonglist Load (45.0ms)[0m  SELECT "songlists".* FROM "songlists" ORDER BY sid LIMIT 200
Completed 200 OK in 186ms (Views: 140.0ms | ActiveRecord: 45.0ms)


Started GET "/songlists.json?_dc=1364123080620&sid=&category=&keyword=%E6%88%91&page=1&start=0&limit=25" for 127.0.0.1 at 2013-03-24 19:04:40 +0800
Processing by SonglistsController#index as JSON
  Parameters: {"_dc"=>"1364123080620", "sid"=>"", "category"=>"", "keyword"=>"我", "page"=>"1", "start"=>"0", "limit"=>"25"}
  [1m[36mSonglist Load (17.0ms)[0m  [1mSELECT "songlists".* FROM "songlists" WHERE (label like '%我%') ORDER BY sid LIMIT 200[0m
Completed 200 OK in 155ms (Views: 137.0ms | ActiveRecord: 17.0ms)


Started GET "/songlists.json?_dc=1364123089478&sid=&category=M&keyword=%E6%88%91&page=1&start=0&limit=25" for 127.0.0.1 at 2013-03-24 19:04:49 +0800
Processing by SonglistsController#index as JSON
  Parameters: {"_dc"=>"1364123089478", "sid"=>"", "category"=>"M", "keyword"=>"我", "page"=>"1", "start"=>"0", "limit"=>"25"}
  [1m[35mSonglist Load (10.0ms)[0m  SELECT "songlists".* FROM "songlists" WHERE "songlists"."category" = 'M' AND (label like '%我%') ORDER BY sid LIMIT 200
Completed 200 OK in 32ms (Views: 3.0ms | ActiveRecord: 10.0ms)


Started GET "/songlists.json?_dc=1364123092294&sid=&category=M&keyword=%E6%88%91&page=1&start=0&limit=25" for 127.0.0.1 at 2013-03-24 19:04:52 +0800
Processing by SonglistsController#index as JSON
  Parameters: {"_dc"=>"1364123092294", "sid"=>"", "category"=>"M", "keyword"=>"我", "page"=>"1", "start"=>"0", "limit"=>"25"}
  [1m[36mSonglist Load (10.0ms)[0m  [1mSELECT "songlists".* FROM "songlists" WHERE "songlists"."category" = 'M' AND (label like '%我%') ORDER BY sid LIMIT 200[0m
Completed 200 OK in 14ms (Views: 3.0ms | ActiveRecord: 10.0ms)


Started GET "/songlists.json?_dc=1364123092482&sid=&category=M&keyword=%E6%88%91&page=1&start=0&limit=25" for 127.0.0.1 at 2013-03-24 19:04:52 +0800
Processing by SonglistsController#index as JSON
  Parameters: {"_dc"=>"1364123092482", "sid"=>"", "category"=>"M", "keyword"=>"我", "page"=>"1", "start"=>"0", "limit"=>"25"}
  [1m[35mSonglist Load (11.0ms)[0m  SELECT "songlists".* FROM "songlists" WHERE "songlists"."category" = 'M' AND (label like '%我%') ORDER BY sid LIMIT 200
Completed 200 OK in 14ms (Views: 2.0ms | ActiveRecord: 11.0ms)


Started GET "/songlists.json?_dc=1364123092638&sid=&category=M&keyword=%E6%88%91&page=1&start=0&limit=25" for 127.0.0.1 at 2013-03-24 19:04:52 +0800
Processing by SonglistsController#index as JSON
  Parameters: {"_dc"=>"1364123092638", "sid"=>"", "category"=>"M", "keyword"=>"我", "page"=>"1", "start"=>"0", "limit"=>"25"}
  [1m[36mSonglist Load (10.0ms)[0m  [1mSELECT "songlists".* FROM "songlists" WHERE "songlists"."category" = 'M' AND (label like '%我%') ORDER BY sid LIMIT 200[0m
Completed 200 OK in 16ms (Views: 5.0ms | ActiveRecord: 10.0ms)


Started GET "/songlists.json?_dc=1364123097446&sid=&category=M&keyword=%E6%88%91%E6%B8%AC%E8%A9%A6&page=1&start=0&limit=25" for 127.0.0.1 at 2013-03-24 19:04:57 +0800
Processing by SonglistsController#index as JSON
  Parameters: {"_dc"=>"1364123097446", "sid"=>"", "category"=>"M", "keyword"=>"我測試", "page"=>"1", "start"=>"0", "limit"=>"25"}
  [1m[35mSonglist Load (9.0ms)[0m  SELECT "songlists".* FROM "songlists" WHERE "songlists"."category" = 'M' AND (label like '%我測試%') ORDER BY sid LIMIT 200
Completed 200 OK in 10ms (Views: 0.0ms | ActiveRecord: 9.0ms)


Started GET "/songlists.json?_dc=1364123107690&sid=&category=M&keyword=%E6%88%91&page=1&start=0&limit=25" for 127.0.0.1 at 2013-03-24 19:05:07 +0800
Processing by SonglistsController#index as JSON
  Parameters: {"_dc"=>"1364123107690", "sid"=>"", "category"=>"M", "keyword"=>"我", "page"=>"1", "start"=>"0", "limit"=>"25"}
  [1m[36mSonglist Load (10.0ms)[0m  [1mSELECT "songlists".* FROM "songlists" WHERE "songlists"."category" = 'M' AND (label like '%我%') ORDER BY sid LIMIT 200[0m
Completed 200 OK in 13ms (Views: 2.0ms | ActiveRecord: 10.0ms)


Started GET "/songlists.json?_dc=1364123109324&sid=&category=M&keyword=%E6%88%91&page=1&start=0&limit=25" for 127.0.0.1 at 2013-03-24 19:05:09 +0800
Processing by SonglistsController#index as JSON
  Parameters: {"_dc"=>"1364123109324", "sid"=>"", "category"=>"M", "keyword"=>"我", "page"=>"1", "start"=>"0", "limit"=>"25"}
  [1m[35mSonglist Load (9.0ms)[0m  SELECT "songlists".* FROM "songlists" WHERE "songlists"."category" = 'M' AND (label like '%我%') ORDER BY sid LIMIT 200
Completed 200 OK in 13ms (Views: 3.0ms | ActiveRecord: 9.0ms)


Started GET "/songlists.json?_dc=1364123111324&sid=&category=&keyword=%E6%88%91&page=1&start=0&limit=25" for 127.0.0.1 at 2013-03-24 19:05:11 +0800
Processing by SonglistsController#index as JSON
  Parameters: {"_dc"=>"1364123111324", "sid"=>"", "category"=>"", "keyword"=>"我", "page"=>"1", "start"=>"0", "limit"=>"25"}
  [1m[36mSonglist Load (16.0ms)[0m  [1mSELECT "songlists".* FROM "songlists" WHERE (label like '%我%') ORDER BY sid LIMIT 200[0m
Completed 200 OK in 189ms (Views: 173.0ms | ActiveRecord: 16.0ms)


Started GET "/songlists.json?_dc=1364123120375&sid=&category=M&keyword=%E6%88%911&page=1&start=0&limit=25" for 127.0.0.1 at 2013-03-24 19:05:20 +0800
Processing by SonglistsController#index as JSON
  Parameters: {"_dc"=>"1364123120375", "sid"=>"", "category"=>"M", "keyword"=>"我1", "page"=>"1", "start"=>"0", "limit"=>"25"}
  [1m[35mSonglist Load (9.0ms)[0m  SELECT "songlists".* FROM "songlists" WHERE "songlists"."category" = 'M' AND (label like '%我1%') ORDER BY sid LIMIT 200
Completed 200 OK in 10ms (Views: 0.0ms | ActiveRecord: 9.0ms)


Started GET "/songlists.json?_dc=1364123121253&sid=&category=M&keyword=%E6%88%91&page=1&start=0&limit=25" for 127.0.0.1 at 2013-03-24 19:05:21 +0800
Processing by SonglistsController#index as JSON
  Parameters: {"_dc"=>"1364123121253", "sid"=>"", "category"=>"M", "keyword"=>"我", "page"=>"1", "start"=>"0", "limit"=>"25"}
  [1m[36mSonglist Load (9.0ms)[0m  [1mSELECT "songlists".* FROM "songlists" WHERE "songlists"."category" = 'M' AND (label like '%我%') ORDER BY sid LIMIT 200[0m
Completed 200 OK in 12ms (Views: 3.0ms | ActiveRecord: 9.0ms)
